<?xml version="1.0" encoding="UTF-8"?>
<Site BuildName="(empty)"
	BuildStamp="20240505-0838-Experimental"
	Name="Meap"
	Generator="ctest-3.22.1"
	CompilerName="/usr/bin/c++"
	CompilerVersion="11.4.0"
	OSName="Linux"
	Hostname="Meap"
	OSRelease="6.5.0-28-generic"
	OSVersion="#29~22.04.1-Ubuntu SMP PREEMPT_DYNAMIC Thu Apr  4 14:39:20 UTC 2"
	OSPlatform="x86_64"
	Is64Bits="1"
	VendorString="GenuineIntel"
	VendorID="Intel Corporation"
	FamilyID="6"
	ModelID="142"
	ProcessorCacheSize="3072"
	NumberOfLogicalCPU="4"
	NumberOfPhysicalCPU="2"
	TotalVirtualMemory="2047"
	TotalPhysicalMemory="15870"
	LogicalProcessorsPerPhysical="2"
	ProcessorClockFrequency="1100.06"
	>
	<Testing>
		<StartDateTime>May 05 14:08 IST</StartDateTime>
		<StartTestTime>1714898306</StartTestTime>
		<TestList/>
		<EndDateTime>May 05 14:08 IST</EndDateTime>
		<EndTestTime>1714898306</EndTestTime>
		<ElapsedMinutes>0</ElapsedMinutes>
	</Testing>
</Site>
